
=== Tue Dec 10 15:48:57 2024

Packages were changed.
Update Mode: mergeDefaultDependencies

The following packages were added:
  com.unity.modules.ai@1.0.0
  com.unity.modules.androidjni@1.0.0
  com.unity.modules.animation@1.0.0
  com.unity.modules.assetbundle@1.0.0
  com.unity.modules.audio@1.0.0
  com.unity.modules.cloth@1.0.0
  com.unity.modules.director@1.0.0
  com.unity.modules.imageconversion@1.0.0
  com.unity.modules.imgui@1.0.0
  com.unity.modules.jsonserialize@1.0.0
  com.unity.modules.particlesystem@1.0.0
  com.unity.modules.physics@1.0.0
  com.unity.modules.physics2d@1.0.0
  com.unity.modules.screencapture@1.0.0
  com.unity.modules.terrain@1.0.0
  com.unity.modules.terrainphysics@1.0.0
  com.unity.modules.tilemap@1.0.0
  com.unity.modules.ui@1.0.0
  com.unity.modules.uielements@1.0.0
  com.unity.modules.umbra@1.0.0
  com.unity.modules.unityanalytics@1.0.0
  com.unity.modules.unitywebrequest@1.0.0
  com.unity.modules.unitywebrequestassetbundle@1.0.0
  com.unity.modules.unitywebrequestaudio@1.0.0
  com.unity.modules.unitywebrequesttexture@1.0.0
  com.unity.modules.unitywebrequestwww@1.0.0
  com.unity.modules.vehicles@1.0.0
  com.unity.modules.video@1.0.0
  com.unity.modules.vr@1.0.0
  com.unity.modules.wind@1.0.0
  com.unity.modules.xr@1.0.0
The following packages were updated:
  com.unity.collab-proxy from version 1.17.2 to 2.1.0
  com.unity.ide.rider from version 3.0.15 to 3.0.25
  com.unity.ide.visualstudio from version 2.0.16 to 2.0.21
  com.unity.render-pipelines.universal from version 14.0.3 to 14.0.9
  com.unity.timeline from version 1.7.1 to 1.7.5
  com.unity.visualscripting from version 1.7.8 to 1.9.1

=== Sun Jan  5 01:33:40 2025

Packages were changed.
Update Mode: updateDependencies

The following packages were updated:
  com.unity.collab-proxy from version 2.1.0 to 2.5.2
  com.unity.ide.rider from version 3.0.25 to 3.0.34
  com.unity.ide.visualstudio from version 2.0.21 to 2.0.22
  com.unity.render-pipelines.universal from version 14.0.9 to 14.0.11
  com.unity.textmeshpro from version 3.0.6 to 3.0.7
  com.unity.timeline from version 1.7.5 to 1.7.6
  com.unity.visualscripting from version 1.9.1 to 1.9.4

=== Mon Jan  6 23:45:48 2025

Packages were changed.
Update Mode: updateDependencies

The following packages were updated:
  com.unity.feature.2d from version 1.0.0 to 2.0.1

=== Mon Jan  6 23:45:48 2025

Packages were changed.
Update Mode: mergeDefaultDependencies

The following packages were added:
  com.unity.feature.2d@2.0.1

=== Mon Jan  6 23:47:09 2025

Packages were changed.
Update Mode: updateDependencies

The following packages were updated:
  com.unity.2d.animation from version 3.2.6 to 9.1.3
  com.unity.2d.pixel-perfect from version 2.1.0 to 5.0.3
  com.unity.2d.psdimporter from version 2.1.6 to 8.0.5
  com.unity.2d.spriteshape from version 3.0.15 to 9.0.5
  com.unity.collab-proxy from version 1.2.16 to 2.5.2
  com.unity.ide.rider from version 1.2.1 to 3.0.34
  com.unity.ide.vscode from version 1.2.3 to 1.2.5
  com.unity.test-framework from version 1.1.24 to 1.1.33
  com.unity.textmeshpro from version 2.1.4 to 3.0.7
  com.unity.timeline from version 1.2.18 to 1.7.6

=== Mon Jan  6 23:47:09 2025

Packages were changed.
Update Mode: mergeDefaultDependencies

The following packages were added:
  com.unity.2d.animation@9.1.3
  com.unity.2d.pixel-perfect@5.0.3
  com.unity.2d.psdimporter@8.0.5
  com.unity.2d.sprite@1.0.0
  com.unity.2d.spriteshape@9.0.5
  com.unity.2d.tilemap@1.0.0

=== Mon Jan  6 23:56:24 2025

Packages were changed.
Update Mode: updateDependencies

The following packages were updated:
  com.unity.collab-proxy from version 1.2.16 to 2.5.2
  com.unity.ide.rider from version 1.1.4 to 3.0.34
  com.unity.ide.vscode from version 1.2.3 to 1.2.5
  com.unity.test-framework from version 1.1.20 to 1.1.33
  com.unity.textmeshpro from version 2.1.1 to 3.0.7
  com.unity.timeline from version 1.2.17 to 1.7.6

=== Tue Jan  7 00:00:11 2025

Packages were changed.
Update Mode: updateDependencies

The following packages were updated:
  com.unity.2d.animation from version 3.2.6 to 9.1.3
  com.unity.2d.pixel-perfect from version 2.1.0 to 5.0.3
  com.unity.2d.psdimporter from version 2.1.6 to 8.0.5
  com.unity.2d.spriteshape from version 3.0.14 to 9.0.5
  com.unity.collab-proxy from version 1.2.16 to 2.5.2
  com.unity.ide.rider from version 1.1.4 to 3.0.34
  com.unity.ide.vscode from version 1.2.3 to 1.2.5
  com.unity.test-framework from version 1.1.20 to 1.1.33
  com.unity.textmeshpro from version 2.1.1 to 3.0.7
  com.unity.timeline from version 1.2.17 to 1.7.6

=== Wed Jan  8 19:57:34 2025

Packages were changed.
Update Mode: updateDependencies

The following packages were updated:
  com.unity.2d.animation from version 5.1.0 to 9.1.3
  com.unity.2d.pixel-perfect from version 4.0.1 to 5.0.3
  com.unity.2d.psdimporter from version 4.2.0 to 8.0.5
  com.unity.2d.spriteshape from version 5.2.0 to 9.0.5
  com.unity.collab-proxy from version 1.15.7 to 2.5.2
  com.unity.ide.rider from version 2.0.7 to 3.0.34
  com.unity.ide.visualstudio from version 2.0.14 to 2.0.22
  com.unity.ide.vscode from version 1.2.4 to 1.2.5
  com.unity.postprocessing from version 3.2.1 to 3.4.0
  com.unity.recorder from version 2.5.7 to 4.0.3
  com.unity.test-framework from version 1.1.29 to 1.1.33
  com.unity.textmeshpro from version 3.0.6 to 3.0.7
  com.unity.timeline from version 1.4.8 to 1.7.6

=== Wed Jan  8 19:57:34 2025

Packages were changed.
Update Mode: mergeDefaultDependencies

The following packages were added:
  com.unity.postprocessing@3.4.0
  com.unity.recorder@4.0.3
